<?xml version="1.0" encoding="UTF-8"?>
<!-- Generated by org.testng.reporters.JUnitReportReporter -->
<testsuite hostname="ranvitha-PC" failures="0" tests="2" name="testngpractice.Annotions" time="0.011" errors="0" timestamp="2021-12-16T12:17:36 IST" skipped="0">
  <testcase classname="testngpractice.Annotions" name="testcase1" time="0.008"/>
  <system-out/>
  <testcase classname="testngpractice.Annotions" name="testcase2" time="0.003"/>
  <system-out/>
</testsuite> <!-- testngpractice.Annotions -->
