<?xml version="1.0" encoding="UTF-8"?>
<!-- Generated by org.testng.reporters.JUnitReportReporter -->
<testsuite hostname="ranvitha-PC" failures="0" tests="2" name="testngpractice.Suitetest" time="0.025" errors="0" timestamp="2021-10-28T11:49:56 IST" skipped="0">
  <testcase classname="testngpractice.Suitetest" name="testcase4" time="0.002"/>
  <system-out/>
  <testcase classname="testngpractice.Suitetest" name="testcase3" time="0.023"/>
  <system-out/>
</testsuite> <!-- testngpractice.Suitetest -->
