<?xml version="1.0" encoding="UTF-8"?>
<!-- Generated by org.testng.reporters.JUnitReportReporter -->
<testsuite hostname="ranvitha-PC" failures="0" tests="3" name="testngpractice.Dataprovidersee" time="0.013" errors="0" timestamp="2021-10-28T11:44:13 IST" skipped="0">
  <testcase classname="testngpractice.Dataprovidersee" name="logintest" time="0.003"/>
  <system-out/>
  <testcase classname="testngpractice.Dataprovidersee" name="logintest" time="0.002"/>
  <system-out/>
  <testcase classname="testngpractice.Dataprovidersee" name="logintest" time="0.008"/>
  <system-out/>
</testsuite> <!-- testngpractice.Dataprovidersee -->
