<?xml version="1.0" encoding="UTF-8"?>
<!-- Generated by org.testng.reporters.JUnitReportReporter -->
<testsuite hostname="ranvitha-PC" failures="0" tests="4" name="testngpractice.Prioritytests" time="0.017" errors="0" timestamp="2021-10-27T15:27:50 IST" skipped="1">
  <testcase classname="testngpractice.Prioritytests" name="testone" time="0.013"/>
  <system-out/>
  <testcase classname="testngpractice.Prioritytests" name="testthree" time="0.002"/>
  <system-out/>
  <testcase classname="testngpractice.Prioritytests" name="testfour" time="0.002"/>
  <system-out/>
  <testcase classname="testngpractice.Prioritytests" name="testtwo">
    <skipped/>
  </testcase> <!-- testtwo -->
  <system-out/>
</testsuite> <!-- testngpractice.Prioritytests -->
